0 silly argv {
0 silly argv   _: [ 'publish' ],
0 silly argv   push: false,
0 silly argv   composed: 'publish',
0 silly argv   lernaVersion: '3.22.1',
0 silly argv   '$0': 'C:\\Users\\Mahmoud Gamal\\AppData\\Roaming\\npm\\node_modules\\lerna\\cli.js',
0 silly argv   bump: 'from-package'
0 silly argv }
1 notice cli v3.22.1
2 verbose rootPath E:\My Files\JBook Project\jabook
3 verbose session b5156bfc397c127a
4 verbose user-agent lerna/3.22.1/node@v16.15.1+x64 (win32)
5 verbose git-describe undefined => "v1.0.1-3-g13551cc"
6 silly git-describe parsed => {"lastTagName":"v1.0.1","lastVersion":"v1.0.1","refCount":"3","sha":"13551cc","isDirty":false}
7 silly getUnpublishedPackages
8 info publish Publishing packages to npm...
9 info Verifying npm credentials
10 verbose Retrieving npm user profile
11 http fetch GET 200 https://registry.npmjs.org/-/npm/v1/user 1797ms
12 silly npm profile get received {"tfa":{"pending":true,"mode":"auth-and-writes"},"name":"mahmoud_gamal","email":"mahmoud.elsamman97@gmail.com","email_verified":true,"created":"2023-06-21T12:58:46.645Z","updated":"2023-06-21T13:23:22.410Z","cidr_whitelist":null,"github":"Mahmoud-Elsamman"}
13 silly get npm username received {"username":"mahmoud_gamal","tfa":{"pending":true,"mode":"auth-and-writes"},"name":"mahmoud_gamal","email":"mahmoud.elsamman97@gmail.com","email_verified":true,"created":"2023-06-21T12:58:46.645Z","updated":"2023-06-21T13:23:22.410Z","cidr_whitelist":null,"github":"Mahmoud-Elsamman"}
14 silly verifyNpmPackageAccess
15 http fetch GET 200 https://registry.npmjs.org/-/org/mahmoud_gamal/package?format=cli 933ms
16 info Checking two-factor auth mode
17 verbose Retrieving npm user profile
18 http fetch GET 200 https://registry.npmjs.org/-/npm/v1/user 656ms
19 silly npm profile get received {"tfa":{"pending":true,"mode":"auth-and-writes"},"name":"mahmoud_gamal","email":"mahmoud.elsamman97@gmail.com","email_verified":true,"created":"2023-06-21T12:58:46.645Z","updated":"2023-06-21T13:23:22.410Z","cidr_whitelist":null,"github":"Mahmoud-Elsamman"}
20 silly 2FA { pending: true, mode: 'auth-and-writes' }
21 warn ENOLICENSE Packages jabook, @jabook/local-api, and @jabook/local-client are missing a license.
21 warn ENOLICENSE One way to fix this is to add a LICENSE.md file to the root of this repository.
21 warn ENOLICENSE See https://choosealicense.com for additional guidance.
22 silly getCurrentSHA
23 verbose getCurrentSHA 13551ccad08f506baf98c8a7734a1c0f8cdf7c71
24 silly lifecycle No script for "prepublish" in "root", continuing
25 silly lifecycle No script for "prepare" in "root", continuing
26 silly lifecycle No script for "prepublishOnly" in "root", continuing
27 silly lifecycle No script for "prepack" in "root", continuing
28 verbose pack-directory packages\local-client
29 silly lifecycle No script for "prepublish" in "@jabook/local-client", continuing
30 silly lifecycle No script for "prepare" in "@jabook/local-client", continuing
31 silly lifecycle "prepublishOnly" starting in "@jabook/local-client"
32 info lifecycle @jabook/local-client@1.0.1~prepublishOnly: @jabook/local-client@1.0.1
33 verbose lifecycle @jabook/local-client@1.0.1~prepublishOnly: unsafe-perm in lifecycle true
34 verbose lifecycle @jabook/local-client@1.0.1~prepublishOnly: PATH: C:\Users\Mahmoud Gamal\AppData\Roaming\npm\node_modules\lerna\node_modules\npm-lifecycle\node-gyp-bin;E:\My Files\JBook Project\jabook\packages\local-client\node_modules\.bin;C:\Users\Mahmoud Gamal\bin;C:\Program Files\Git\mingw64\bin;C:\Program Files\Git\usr\local\bin;C:\Program Files\Git\usr\bin;C:\Program Files\Git\usr\bin;C:\Program Files\Git\mingw64\bin;C:\Program Files\Git\usr\bin;C:\Users\Mahmoud Gamal\bin;C:\Program Files (x86)\Intel\iCLS Client;C:\Program Files\Intel\iCLS Client;C:\Windows\system32;C:\Windows;C:\Windows\System32\Wbem;C:\Windows\System32\WindowsPowerShell\v1.0;C:\Program Files\Intel\Intel(R) Management Engine Components\DAL;C:\Program Files (x86)\Intel\Intel(R) Management Engine Components\DAL;C:\Program Files\Intel\Intel(R) Management Engine Components\IPT;C:\Program Files (x86)\Intel\Intel(R) Management Engine Components\IPT;C:\Program Files (x86)\ATI Technologies\ATI.ACE\Core-Static;C:\Program Files\Intel\WiFi\bin;C:\Program Files\Common Files\Intel\WirelessCommon;C:\Program Files\dotnet;C:\Program Files\Microsoft SQL Server\130\Tools\Binn;C:\Program Files\Microsoft SQL Server\Client SDK\ODBC\170\Tools\Binn;C:\Program Files (x86)\IncrediBuild;C:\Program Files (x86)\Microsoft SQL Server\150\DTS\Binn;C:\Program Files\Azure Data Studio\bin;C:\Program Files\Microsoft SQL Server\Client SDK\ODBC\130\Tools\Binn;C:\Program Files (x86)\Microsoft SQL Server\140\Tools\Binn;C:\Program Files\Microsoft SQL Server\140\Tools\Binn;C:\Program Files\Microsoft SQL Server\140\DTS\Binn;C:\Program Files (x86)\dotnet;C:\Program Files\mingw-w64\mingw64\bin;C:\Program Files\Git\cmd;C:\Program Files\nodejs;C:\opencv\build\x64\vc15\bin;C:\stripe;C:\Program Files\Intel\WiFi\bin;C:\Program Files\Common Files\Intel\WirelessCommon;C:\Users\Mahmoud Gamal\.dotnet\tools;C:\Program Files\Azure Data Studio\bin;C:\Users\Mahmoud Gamal\AppData\Local\Programs\Microsoft VS Code\bin;C:\Users\Mahmoud Gamal\AppData\Roaming\npm;C:\Program Files\Git\usr\bin\vendor_perl;C:\Program Files\Git\usr\bin\core_perl
35 verbose lifecycle @jabook/local-client@1.0.1~prepublishOnly: CWD: E:\My Files\JBook Project\jabook\packages\local-client
36 silly lifecycle @jabook/local-client@1.0.1~prepublishOnly: Args: [ '/d /s /c', 'npm run build' ]
37 silly lifecycle @jabook/local-client@1.0.1~prepublishOnly: Returned: code: 0  signal: null
38 silly lifecycle "prepublishOnly" finished in "@jabook/local-client"
39 silly lifecycle No script for "prepack" in "@jabook/local-client", continuing
40 silly lifecycle No script for "postpack" in "@jabook/local-client", continuing
41 verbose packed packages\local-client
42 verbose pack-directory packages\cli
43 verbose pack-directory packages\local-api
44 silly lifecycle No script for "prepublish" in "jabook", continuing
45 silly lifecycle No script for "prepublish" in "@jabook/local-api", continuing
46 silly lifecycle No script for "prepare" in "jabook", continuing
47 silly lifecycle No script for "prepare" in "@jabook/local-api", continuing
48 silly lifecycle "prepublishOnly" starting in "jabook"
49 info lifecycle jabook@1.0.1~prepublishOnly: jabook@1.0.1
50 silly lifecycle "prepublishOnly" starting in "@jabook/local-api"
51 info lifecycle @jabook/local-api@1.0.1~prepublishOnly: @jabook/local-api@1.0.1
52 verbose lifecycle jabook@1.0.1~prepublishOnly: unsafe-perm in lifecycle true
53 verbose lifecycle jabook@1.0.1~prepublishOnly: PATH: C:\Users\Mahmoud Gamal\AppData\Roaming\npm\node_modules\lerna\node_modules\npm-lifecycle\node-gyp-bin;E:\My Files\JBook Project\jabook\packages\cli\node_modules\.bin;C:\Users\Mahmoud Gamal\bin;C:\Program Files\Git\mingw64\bin;C:\Program Files\Git\usr\local\bin;C:\Program Files\Git\usr\bin;C:\Program Files\Git\usr\bin;C:\Program Files\Git\mingw64\bin;C:\Program Files\Git\usr\bin;C:\Users\Mahmoud Gamal\bin;C:\Program Files (x86)\Intel\iCLS Client;C:\Program Files\Intel\iCLS Client;C:\Windows\system32;C:\Windows;C:\Windows\System32\Wbem;C:\Windows\System32\WindowsPowerShell\v1.0;C:\Program Files\Intel\Intel(R) Management Engine Components\DAL;C:\Program Files (x86)\Intel\Intel(R) Management Engine Components\DAL;C:\Program Files\Intel\Intel(R) Management Engine Components\IPT;C:\Program Files (x86)\Intel\Intel(R) Management Engine Components\IPT;C:\Program Files (x86)\ATI Technologies\ATI.ACE\Core-Static;C:\Program Files\Intel\WiFi\bin;C:\Program Files\Common Files\Intel\WirelessCommon;C:\Program Files\dotnet;C:\Program Files\Microsoft SQL Server\130\Tools\Binn;C:\Program Files\Microsoft SQL Server\Client SDK\ODBC\170\Tools\Binn;C:\Program Files (x86)\IncrediBuild;C:\Program Files (x86)\Microsoft SQL Server\150\DTS\Binn;C:\Program Files\Azure Data Studio\bin;C:\Program Files\Microsoft SQL Server\Client SDK\ODBC\130\Tools\Binn;C:\Program Files (x86)\Microsoft SQL Server\140\Tools\Binn;C:\Program Files\Microsoft SQL Server\140\Tools\Binn;C:\Program Files\Microsoft SQL Server\140\DTS\Binn;C:\Program Files (x86)\dotnet;C:\Program Files\mingw-w64\mingw64\bin;C:\Program Files\Git\cmd;C:\Program Files\nodejs;C:\opencv\build\x64\vc15\bin;C:\stripe;C:\Program Files\Intel\WiFi\bin;C:\Program Files\Common Files\Intel\WirelessCommon;C:\Users\Mahmoud Gamal\.dotnet\tools;C:\Program Files\Azure Data Studio\bin;C:\Users\Mahmoud Gamal\AppData\Local\Programs\Microsoft VS Code\bin;C:\Users\Mahmoud Gamal\AppData\Roaming\npm;C:\Program Files\Git\usr\bin\vendor_perl;C:\Program Files\Git\usr\bin\core_perl
54 verbose lifecycle jabook@1.0.1~prepublishOnly: CWD: E:\My Files\JBook Project\jabook\packages\cli
55 silly lifecycle jabook@1.0.1~prepublishOnly: Args: [
55 silly lifecycle   '/d /s /c',
55 silly lifecycle   'esbuild src/index.ts --platform=node --outfile=dist/index.js --bundle --minify --define:process.env.NODE_ENV=\\"production\\"'
55 silly lifecycle ]
56 silly lifecycle jabook@1.0.1~prepublishOnly: Returned: code: 0  signal: null
57 verbose lifecycle @jabook/local-api@1.0.1~prepublishOnly: unsafe-perm in lifecycle true
58 verbose lifecycle @jabook/local-api@1.0.1~prepublishOnly: PATH: C:\Users\Mahmoud Gamal\AppData\Roaming\npm\node_modules\lerna\node_modules\npm-lifecycle\node-gyp-bin;E:\My Files\JBook Project\jabook\packages\local-api\node_modules\.bin;C:\Users\Mahmoud Gamal\bin;C:\Program Files\Git\mingw64\bin;C:\Program Files\Git\usr\local\bin;C:\Program Files\Git\usr\bin;C:\Program Files\Git\usr\bin;C:\Program Files\Git\mingw64\bin;C:\Program Files\Git\usr\bin;C:\Users\Mahmoud Gamal\bin;C:\Program Files (x86)\Intel\iCLS Client;C:\Program Files\Intel\iCLS Client;C:\Windows\system32;C:\Windows;C:\Windows\System32\Wbem;C:\Windows\System32\WindowsPowerShell\v1.0;C:\Program Files\Intel\Intel(R) Management Engine Components\DAL;C:\Program Files (x86)\Intel\Intel(R) Management Engine Components\DAL;C:\Program Files\Intel\Intel(R) Management Engine Components\IPT;C:\Program Files (x86)\Intel\Intel(R) Management Engine Components\IPT;C:\Program Files (x86)\ATI Technologies\ATI.ACE\Core-Static;C:\Program Files\Intel\WiFi\bin;C:\Program Files\Common Files\Intel\WirelessCommon;C:\Program Files\dotnet;C:\Program Files\Microsoft SQL Server\130\Tools\Binn;C:\Program Files\Microsoft SQL Server\Client SDK\ODBC\170\Tools\Binn;C:\Program Files (x86)\IncrediBuild;C:\Program Files (x86)\Microsoft SQL Server\150\DTS\Binn;C:\Program Files\Azure Data Studio\bin;C:\Program Files\Microsoft SQL Server\Client SDK\ODBC\130\Tools\Binn;C:\Program Files (x86)\Microsoft SQL Server\140\Tools\Binn;C:\Program Files\Microsoft SQL Server\140\Tools\Binn;C:\Program Files\Microsoft SQL Server\140\DTS\Binn;C:\Program Files (x86)\dotnet;C:\Program Files\mingw-w64\mingw64\bin;C:\Program Files\Git\cmd;C:\Program Files\nodejs;C:\opencv\build\x64\vc15\bin;C:\stripe;C:\Program Files\Intel\WiFi\bin;C:\Program Files\Common Files\Intel\WirelessCommon;C:\Users\Mahmoud Gamal\.dotnet\tools;C:\Program Files\Azure Data Studio\bin;C:\Users\Mahmoud Gamal\AppData\Local\Programs\Microsoft VS Code\bin;C:\Users\Mahmoud Gamal\AppData\Roaming\npm;C:\Program Files\Git\usr\bin\vendor_perl;C:\Program Files\Git\usr\bin\core_perl
59 verbose lifecycle @jabook/local-api@1.0.1~prepublishOnly: CWD: E:\My Files\JBook Project\jabook\packages\local-api
60 silly lifecycle @jabook/local-api@1.0.1~prepublishOnly: Args: [ '/d /s /c', 'tsc' ]
61 silly lifecycle "prepublishOnly" finished in "jabook"
62 silly lifecycle No script for "prepack" in "jabook", continuing
63 error ZlibError: zlib: unexpected end of file
63 error     at Unzip.write (C:\Users\Mahmoud Gamal\AppData\Roaming\npm\node_modules\lerna\node_modules\minizlib\index.js:147:22)
63 error     at Unzip.flush (C:\Users\Mahmoud Gamal\AppData\Roaming\npm\node_modules\lerna\node_modules\minizlib\index.js:98:10)
63 error     at Unzip.end (C:\Users\Mahmoud Gamal\AppData\Roaming\npm\node_modules\lerna\node_modules\minizlib\index.js:104:10)
63 error     at Object.end (C:\Users\Mahmoud Gamal\AppData\Roaming\npm\node_modules\lerna\node_modules\tar\lib\parse.js:421:21)
63 error     at Yallist.<anonymous> (C:\Users\Mahmoud Gamal\AppData\Roaming\npm\node_modules\lerna\node_modules\minipass\index.js:394:18)
63 error     at Yallist.forEach (C:\Users\Mahmoud Gamal\AppData\Roaming\npm\node_modules\lerna\node_modules\yallist\yallist.js:156:8)
63 error     at ReadStream.emit (C:\Users\Mahmoud Gamal\AppData\Roaming\npm\node_modules\lerna\node_modules\minipass\index.js:391:18)
63 error     at ReadStream.emit (C:\Users\Mahmoud Gamal\AppData\Roaming\npm\node_modules\lerna\node_modules\fs-minipass\index.js:154:22)
63 error     at ReadStream.[maybeEmitEnd] (C:\Users\Mahmoud Gamal\AppData\Roaming\npm\node_modules\lerna\node_modules\minipass\index.js:355:12)
63 error     at ReadStream.end (C:\Users\Mahmoud Gamal\AppData\Roaming\npm\node_modules\lerna\node_modules\minipass\index.js:235:27)
63 error     at ReadStream.[_handleChunk] (C:\Users\Mahmoud Gamal\AppData\Roaming\npm\node_modules\lerna\node_modules\fs-minipass\index.js:136:13)
63 error     at ReadStream.[_onread] (C:\Users\Mahmoud Gamal\AppData\Roaming\npm\node_modules\lerna\node_modules\fs-minipass\index.js:109:32)
63 error     at C:\Users\Mahmoud Gamal\AppData\Roaming\npm\node_modules\lerna\node_modules\fs-minipass\index.js:101:22
